<?xml version="1.0" encoding="UTF-8"?>
<!-- Generated by org.testng.reporters.JUnitXMLReporter -->
<testsuite hostname="sys" ignored="1" name="Default test" tests="3" failures="0" timestamp="16 Jun 2018 13:33:07 GMT" time="95.179" errors="0">
  <testcase name="LoginPageTitleTest" time="4.93" classname="com.crm.qa.testcases.LoginPageTest"/>
  <testcase name="crmlogoimgtest" time="0.42" classname="com.crm.qa.testcases.LoginPageTest"/>
  <testcase name="login" time="14.367" classname="com.crm.qa.testcases.LoginPageTest"/>
  <testcase name="login" time="0.0" classname="com.crm.qa.testcases.LoginPageTest">
    <ignored/>
  </testcase> <!-- login -->
</testsuite> <!-- Default test -->
